[01m[K/home/ros/autoware.ai/src/autoware/core_planning/mpc_follower/src/mpc_follower_core.cpp:[m[K In member function â€˜[01m[Kvoid MPCFollower::timerCallback(const ros::TimerEvent&)[m[Kâ€™:
[01m[K/home/ros/autoware.ai/src/autoware/core_planning/mpc_follower/src/mpc_follower_core.cpp:211:3:[m[K [01;31m[Kerror: [m[Kâ€˜[01m[Kcout[m[Kâ€™ was not declared in this scope
   [01;31m[Kcout[m[K<<"Total time:"<<endtime*1000<<"ms"<<endl;
   [01;31m[K^~~~[m[K
[01m[K/home/ros/autoware.ai/src/autoware/core_planning/mpc_follower/src/mpc_follower_core.cpp:211:3:[m[K [01;36m[Knote: [m[Ksuggested alternative:
In file included from [01m[K/home/ros/autoware.ai/src/autoware/core_planning/mpc_follower/include/mpc_follower/mpc_follower_core.h:26:0[m[K,
                 from [01m[K/home/ros/autoware.ai/src/autoware/core_planning/mpc_follower/src/mpc_follower_core.cpp:17[m[K:
[01m[K/usr/include/c++/7/iostream:61:18:[m[K [01;36m[Knote: [m[K  â€˜[01m[Kstd::cout[m[Kâ€™
   extern ostream [01;36m[Kcout[m[K;  /// Linked to standard output
                  [01;36m[K^~~~[m[K
[01m[K/home/ros/autoware.ai/src/autoware/core_planning/mpc_follower/src/mpc_follower_core.cpp:211:44:[m[K [01;31m[Kerror: [m[Kâ€˜[01m[Kendl[m[Kâ€™ was not declared in this scope
   cout<<"Total time:"<<endtime*1000<<"ms"<<[01;31m[Kendl[m[K;
                                            [01;31m[K^~~~[m[K
[01m[K/home/ros/autoware.ai/src/autoware/core_planning/mpc_follower/src/mpc_follower_core.cpp:211:44:[m[K [01;36m[Knote: [m[Ksuggested alternative:
In file included from [01m[K/usr/include/c++/7/iostream:39:0[m[K,
                 from [01m[K/home/ros/autoware.ai/src/autoware/core_planning/mpc_follower/include/mpc_follower/mpc_follower_core.h:26[m[K,
                 from [01m[K/home/ros/autoware.ai/src/autoware/core_planning/mpc_follower/src/mpc_follower_core.cpp:17[m[K:
[01m[K/usr/include/c++/7/ostream:590:5:[m[K [01;36m[Knote: [m[K  â€˜[01m[Kstd::endl[m[Kâ€™
     [01;36m[Kendl[m[K(basic_ostream<_CharT, _Traits>& __os)
     [01;36m[K^~~~[m[K
make[2]: *** [CMakeFiles/mpc_follower.dir/src/mpc_follower_core.cpp.o] Error 1
make[1]: *** [CMakeFiles/mpc_follower.dir/all] Error 2
make: *** [all] Error 2
