[35m[1mScanning dependencies of target wf_simulator[0m
[ 25%] [32mBuilding CXX object CMakeFiles/wf_simulator.dir/src/wf_simulator_core.cpp.o[0m
[01m[K/home/ros/autoware.ai/src/autoware/simulation/wf_simulator/src/wf_simulator_core.cpp:[m[K In constructor â€˜[01m[KWFSimulatorCore::WFSimulatorCore()[m[Kâ€™:
[01m[K/home/ros/autoware.ai/src/autoware/simulation/wf_simulator/src/wf_simulator_core.cpp:46:59:[m[K [01;31m[Kerror: [m[Kâ€˜[01m[KtimerCallbackSimulation2[m[Kâ€™ is not a member of â€˜[01m[KWFSimulatorCore[m[Kâ€™
   nh_.createTimer(ros::Duration(dt*10), &WFSimulatorCore::[01;31m[KtimerCallbackSimulation2[m[K, this);
                                                           [01;31m[K^~~~~~~~~~~~~~~~~~~~~~~~[m[K
[01m[K/home/ros/autoware.ai/src/autoware/simulation/wf_simulator/src/wf_simulator_core.cpp:[m[K At global scope:
[01m[K/home/ros/autoware.ai/src/autoware/simulation/wf_simulator/src/wf_simulator_core.cpp:123:72:[m[K [01;31m[Kerror: [m[Kno â€˜[01m[Kvoid WFSimulatorCore::timerCallbackSimulation2(const ros::TimerEvent&)[m[Kâ€™ member function declared in class â€˜[01m[KWFSimulatorCore[m[Kâ€™
 void WFSimulatorCore::timerCallbackSimulation2(const ros::TimerEvent& e[01;31m[K)[m[K{
                                                                        [01;31m[K^[m[K
[01m[K/home/ros/autoware.ai/src/autoware/simulation/wf_simulator/src/wf_simulator_core.cpp:[m[K In member function â€˜[01m[Kvoid WFSimulatorCore::timerCallbackSimulation(const ros::TimerEvent&)[m[Kâ€™:
[01m[K/home/ros/autoware.ai/src/autoware/simulation/wf_simulator/src/wf_simulator_core.cpp:154:16:[m[K [01;35m[Kwarning: [m[Kunused variable â€˜[01m[Ksteering_angle[m[Kâ€™ [[01;35m[K-Wunused-variable[m[K]
   const double [01;35m[Ksteering_angle[m[K = vehicle_sim_model_.getCurrentSteeringAngle();
                [01;35m[K^~~~~~~~~~~~~~[m[K
make[2]: *** [CMakeFiles/wf_simulator.dir/src/wf_simulator_core.cpp.o] Error 1
CMakeFiles/wf_simulator.dir/build.make:94: recipe for target 'CMakeFiles/wf_simulator.dir/src/wf_simulator_core.cpp.o' failed
CMakeFiles/Makefile2:1584: recipe for target 'CMakeFiles/wf_simulator.dir/all' failed
make[1]: *** [CMakeFiles/wf_simulator.dir/all] Error 2
Makefile:159: recipe for target 'all' failed
make: *** [all] Error 2
