[35m[1mScanning dependencies of target wf_simulator[0m
[ 50%] [32mBuilding CXX object CMakeFiles/wf_simulator.dir/src/wf_simulator_core.cpp.o[0m
[ 50%] [32mBuilding CXX object CMakeFiles/wf_simulator.dir/src/wf_simulator_node.cpp.o[0m
[01m[K/home/ros/autoware.ai/src/autoware/simulation/wf_simulator/src/wf_simulator_core.cpp:[m[K In member function â€˜[01m[Kvoid WFSimulatorCore::timerCallbackSimulation2(const ros::TimerEvent&)[m[Kâ€™:
[01m[K/home/ros/autoware.ai/src/autoware/simulation/wf_simulator/src/wf_simulator_core.cpp:128:14:[m[K [01;31m[Kerror: [m[Kâ€˜[01m[Kcurrent_twist[m[Kâ€™ was not declared in this scope
   vs.speed = [01;31m[Kcurrent_twist[m[K.linear.x * MPS2KMPH;
              [01;31m[K^~~~~~~~~~~~~[m[K
[01m[K/home/ros/autoware.ai/src/autoware/simulation/wf_simulator/src/wf_simulator_core.cpp:128:14:[m[K [01;36m[Knote: [m[Ksuggested alternative: â€˜[01m[Kcurrent_pose_[m[Kâ€™
   vs.speed = [01;36m[Kcurrent_twist[m[K.linear.x * MPS2KMPH;
              [01;36m[K^~~~~~~~~~~~~[m[K
              [32m[Kcurrent_pose_[m[K
[01m[K/home/ros/autoware.ai/src/autoware/simulation/wf_simulator/src/wf_simulator_core.cpp:129:14:[m[K [01;31m[Kerror: [m[Kâ€˜[01m[Ksteering_angle[m[Kâ€™ was not declared in this scope
   vs.angle = [01;31m[Ksteering_angle[m[K;
              [01;31m[K^~~~~~~~~~~~~~[m[K
[01m[K/home/ros/autoware.ai/src/autoware/simulation/wf_simulator/src/wf_simulator_core.cpp:[m[K In member function â€˜[01m[Kvoid WFSimulatorCore::timerCallbackSimulation(const ros::TimerEvent&)[m[Kâ€™:
[01m[K/home/ros/autoware.ai/src/autoware/simulation/wf_simulator/src/wf_simulator_core.cpp:154:16:[m[K [01;35m[Kwarning: [m[Kunused variable â€˜[01m[Ksteering_angle[m[Kâ€™ [[01;35m[K-Wunused-variable[m[K]
   const double [01;35m[Ksteering_angle[m[K = vehicle_sim_model_.getCurrentSteeringAngle();
                [01;35m[K^~~~~~~~~~~~~~[m[K
CMakeFiles/wf_simulator.dir/build.make:94: recipe for target 'CMakeFiles/wf_simulator.dir/src/wf_simulator_core.cpp.o' failed
make[2]: *** [CMakeFiles/wf_simulator.dir/src/wf_simulator_core.cpp.o] Error 1
make[2]: *** Waiting for unfinished jobs....
CMakeFiles/Makefile2:1584: recipe for target 'CMakeFiles/wf_simulator.dir/all' failed
make[1]: *** [CMakeFiles/wf_simulator.dir/all] Error 2
Makefile:159: recipe for target 'all' failed
make: *** [all] Error 2
