[01m[K/home/ros/autoware.ai/src/autoware/core_planning/pure_pursuit/src/pure_pursuit_core.cpp:[m[K In member function â€˜[01m[Kvoid waypoint_follower::PurePursuitNode::initForROS()[m[Kâ€™:
[01m[K/home/ros/autoware.ai/src/autoware/core_planning/pure_pursuit/src/pure_pursuit_core.cpp:98:26:[m[K [01;31m[Kerror: [m[Kno matching function for call to â€˜[01m[Kros::NodeHandle::advertise()[m[Kâ€™
   pub_flag=nh_.advertise([01;31m[K)[m[K<std_msgs::Int8>("pub_flag",1);
                          [01;31m[K^[m[K
In file included from [01m[K/opt/ros/melodic/include/ros/ros.h:45:0[m[K,
                 from [01m[K/home/ros/autoware.ai/src/autoware/core_planning/pure_pursuit/include/pure_pursuit/pure_pursuit_core.h:23[m[K,
                 from [01m[K/home/ros/autoware.ai/src/autoware/core_planning/pure_pursuit/src/pure_pursuit_core.cpp:18[m[K:
[01m[K/opt/ros/melodic/include/ros/node_handle.h:249:15:[m[K [01;36m[Knote: [m[Kcandidate: template<class M> ros::Publisher ros::NodeHandle::advertise(const string&, uint32_t, bool)
     Publisher [01;36m[Kadvertise[m[K(const std::string& topic, uint32_t queue_size, bool latch = false)
               [01;36m[K^~~~~~~~~[m[K
[01m[K/opt/ros/melodic/include/ros/node_handle.h:249:15:[m[K [01;36m[Knote: [m[K  template argument deduction/substitution failed:
[01m[K/home/ros/autoware.ai/src/autoware/core_planning/pure_pursuit/src/pure_pursuit_core.cpp:98:26:[m[K [01;36m[Knote: [m[K  candidate expects 3 arguments, 0 provided
   pub_flag=nh_.advertise([01;36m[K)[m[K<std_msgs::Int8>("pub_flag",1);
                          [01;36m[K^[m[K
In file included from [01m[K/opt/ros/melodic/include/ros/ros.h:45:0[m[K,
                 from [01m[K/home/ros/autoware.ai/src/autoware/core_planning/pure_pursuit/include/pure_pursuit/pure_pursuit_core.h:23[m[K,
                 from [01m[K/home/ros/autoware.ai/src/autoware/core_planning/pure_pursuit/src/pure_pursuit_core.cpp:18[m[K:
[01m[K/opt/ros/melodic/include/ros/node_handle.h:315:13:[m[K [01;36m[Knote: [m[Kcandidate: template<class M> ros::Publisher ros::NodeHandle::advertise(const string&, uint32_t, const SubscriberStatusCallback&, const SubscriberStatusCallback&, const VoidConstPtr&, bool)
   Publisher [01;36m[Kadvertise[m[K(const std::string& topic, uint32_t queue_size,
             [01;36m[K^~~~~~~~~[m[K
[01m[K/opt/ros/melodic/include/ros/node_handle.h:315:13:[m[K [01;36m[Knote: [m[K  template argument deduction/substitution failed:
[01m[K/home/ros/autoware.ai/src/autoware/core_planning/pure_pursuit/src/pure_pursuit_core.cpp:98:26:[m[K [01;36m[Knote: [m[K  candidate expects 6 arguments, 0 provided
   pub_flag=nh_.advertise([01;36m[K)[m[K<std_msgs::Int8>("pub_flag",1);
                          [01;36m[K^[m[K
In file included from [01m[K/opt/ros/melodic/include/ros/ros.h:45:0[m[K,
                 from [01m[K/home/ros/autoware.ai/src/autoware/core_planning/pure_pursuit/include/pure_pursuit/pure_pursuit_core.h:23[m[K,
                 from [01m[K/home/ros/autoware.ai/src/autoware/core_planning/pure_pursuit/src/pure_pursuit_core.cpp:18[m[K:
[01m[K/opt/ros/melodic/include/ros/node_handle.h:353:13:[m[K [01;36m[Knote: [m[Kcandidate: ros::Publisher ros::NodeHandle::advertise(ros::AdvertiseOptions&)
   Publisher [01;36m[Kadvertise[m[K(AdvertiseOptions& ops);
             [01;36m[K^~~~~~~~~[m[K
[01m[K/opt/ros/melodic/include/ros/node_handle.h:353:13:[m[K [01;36m[Knote: [m[K  candidate expects 1 argument, 0 provided
[01m[K/home/ros/autoware.ai/src/autoware/core_planning/pure_pursuit/src/pure_pursuit_core.cpp:98:42:[m[K [01;31m[Kerror: [m[Kexpected primary-expression before â€˜[01m[K>[m[Kâ€™ token
   pub_flag=nh_.advertise()<std_msgs::Int8[01;31m[K>[m[K("pub_flag",1);
                                          [01;31m[K^[m[K
[01m[K/home/ros/autoware.ai/src/autoware/core_planning/pure_pursuit/src/pure_pursuit_core.cpp:98:55:[m[K [01;35m[Kwarning: [m[Kleft operand of comma operator has no effect [[01;35m[K-Wunused-value[m[K]
   pub_flag=nh_.advertise()<std_msgs::Int8>("pub_flag",[01;35m[K1[m[K);
                                                       [01;35m[K^[m[K
make[2]: *** [CMakeFiles/pure_pursuit.dir/src/pure_pursuit_core.cpp.o] Error 1
make[1]: *** [CMakeFiles/pure_pursuit.dir/all] Error 2
make: *** [all] Error 2
